0 info it worked if it ends with ok
1 verbose cli [ '/Users/cedjud/.nvm/versions/node/v7.1.0/bin/node',
1 verbose cli   '/Users/cedjud/.nvm/versions/node/v7.1.0/bin/npm',
1 verbose cli   'run',
1 verbose cli   'dev' ]
2 info using npm@3.10.9
3 info using node@v7.1.0
4 verbose run-script [ 'predev', 'dev', 'postdev' ]
5 info lifecycle prepr@0.1.0~predev: prepr@0.1.0
6 silly lifecycle prepr@0.1.0~predev: no script for predev, continuing
7 info lifecycle prepr@0.1.0~dev: prepr@0.1.0
8 verbose lifecycle prepr@0.1.0~dev: unsafe-perm in lifecycle true
9 verbose lifecycle prepr@0.1.0~dev: PATH: /Users/cedjud/.nvm/versions/node/v7.1.0/lib/node_modules/npm/bin/node-gyp-bin:/Users/cedjud/Documents/projects/prepper/node_modules/.bin:/Users/cedjud/.nvm/versions/node/v7.1.0/bin:/Applications/MAMP/bin/php/php7.0.10/bin:~/.composer/vendor/bin:/usr/local/bin:/usr/bin:/bin:/usr/sbin:/sbin:/Users/cedjud/git-tf
10 verbose lifecycle prepr@0.1.0~dev: CWD: /Users/cedjud/Documents/projects/prepper
11 silly lifecycle prepr@0.1.0~dev: Args: [ '-c', 'lite-server & webpack --watch' ]
12 silly lifecycle prepr@0.1.0~dev: Returned: code: 134  signal: null
13 info lifecycle prepr@0.1.0~dev: Failed to exec dev script
14 verbose stack Error: prepr@0.1.0 dev: `lite-server & webpack --watch`
14 verbose stack Exit status 134
14 verbose stack     at EventEmitter.<anonymous> (/Users/cedjud/.nvm/versions/node/v7.1.0/lib/node_modules/npm/lib/utils/lifecycle.js:255:16)
14 verbose stack     at emitTwo (events.js:106:13)
14 verbose stack     at EventEmitter.emit (events.js:191:7)
14 verbose stack     at ChildProcess.<anonymous> (/Users/cedjud/.nvm/versions/node/v7.1.0/lib/node_modules/npm/lib/utils/spawn.js:40:14)
14 verbose stack     at emitTwo (events.js:106:13)
14 verbose stack     at ChildProcess.emit (events.js:191:7)
14 verbose stack     at maybeClose (internal/child_process.js:885:16)
14 verbose stack     at Process.ChildProcess._handle.onexit (internal/child_process.js:226:5)
15 verbose pkgid prepr@0.1.0
16 verbose cwd /Users/cedjud/Documents/projects/prepper
17 error Darwin 16.0.0
18 error argv "/Users/cedjud/.nvm/versions/node/v7.1.0/bin/node" "/Users/cedjud/.nvm/versions/node/v7.1.0/bin/npm" "run" "dev"
19 error node v7.1.0
20 error npm  v3.10.9
21 error code ELIFECYCLE
22 error prepr@0.1.0 dev: `lite-server & webpack --watch`
22 error Exit status 134
23 error Failed at the prepr@0.1.0 dev script 'lite-server & webpack --watch'.
23 error Make sure you have the latest version of node.js and npm installed.
23 error If you do, this is most likely a problem with the prepr package,
23 error not with npm itself.
23 error Tell the author that this fails on your system:
23 error     lite-server & webpack --watch
23 error You can get information on how to open an issue for this project with:
23 error     npm bugs prepr
23 error Or if that isn't available, you can get their info via:
23 error     npm owner ls prepr
23 error There is likely additional logging output above.
24 verbose exit [ 1, true ]
